<?xml version="1.0" encoding="UTF-8"?>
<!-- Generated by org.testng.reporters.JUnitReportReporter -->
<testsuite hostname="DESKTOP-F0KAGI2" failures="0" tests="3" name="selenium.testNG.parameterization.DataProviderWithExcel" time="28.521" errors="0" timestamp="2024-03-01T20:25:22 IST" skipped="0">
  <testcase classname="selenium.testNG.parameterization.DataProviderWithExcel" name="verifyGoogleSearch" time="8.995"/>
  <testcase classname="selenium.testNG.parameterization.DataProviderWithExcel" name="verifyGoogleSearch" time="8.828"/>
  <testcase classname="selenium.testNG.parameterization.DataProviderWithExcel" name="verifyGoogleSearch" time="10.698"/>
</testsuite> <!-- selenium.testNG.parameterization.DataProviderWithExcel -->
