<?xml version="1.0" encoding="UTF-8"?>
<!-- Generated by org.testng.reporters.JUnitReportReporter -->
<testsuite hostname="DESKTOP-F0KAGI2" failures="0" tests="3" name="selenium.testNG.parameterization.NormalDataProvider" time="31.339" errors="0" timestamp="2024-03-01T20:25:22 IST" skipped="0">
  <testcase classname="selenium.testNG.parameterization.NormalDataProvider" name="verifyGoogleSearch" time="9.211"/>
  <testcase classname="selenium.testNG.parameterization.NormalDataProvider" name="verifyGoogleSearch" time="10.683"/>
  <testcase classname="selenium.testNG.parameterization.NormalDataProvider" name="verifyGoogleSearch" time="11.445"/>
</testsuite> <!-- selenium.testNG.parameterization.NormalDataProvider -->
