<?xml version="1.0" encoding="UTF-8"?>
<!-- Generated by org.testng.reporters.JUnitReportReporter -->
<testsuite hostname="DESKTOP-F0KAGI2" failures="0" tests="1" name="selenium.testNG.parameterization.WithParameterizationExample" time="11.021" errors="0" timestamp="2024-03-01T20:25:22 IST" skipped="0">
  <testcase classname="selenium.testNG.parameterization.WithParameterizationExample" name="verifyGoogleSearch2" time="11.021"/>
</testsuite> <!-- selenium.testNG.parameterization.WithParameterizationExample -->
