<?xml version="1.0" encoding="UTF-8"?>
<!-- Generated by org.testng.reporters.JUnitReportReporter -->
<testsuite hostname="DESKTOP-F0KAGI2" failures="0" tests="1" name="selenium.testNG.parameterization.NeedOfParameterization" time="9.142" errors="0" timestamp="2024-03-01T20:25:22 IST" skipped="0">
  <testcase classname="selenium.testNG.parameterization.NeedOfParameterization" name="verifyGoogleSearch" time="9.142"/>
</testsuite> <!-- selenium.testNG.parameterization.NeedOfParameterization -->
